PLINK v1.90b3.45 64-bit (13 Jan 2017)
Options in effect:
  --bfile results//1_merge/sample.qc1
  --make-bed
  --out results//2_uncontaminated/sample.qc2
  --remove sample_data/remove_samples.txt

Hostname: login4
Working directory: /u/project/pasaniuc/pasaniucdata/ruthjohn/basic_genoeypte_qc_pipeline
Start time: Wed Sep 30 13:44:16 2020

Random number seed: 1601498656
48399 MB RAM detected; reserving 24199 MB for main workspace.
Allocated 3229 MB successfully, after larger attempt(s) failed.
83534 variants loaded from .bim file.
89 people (89 males, 0 females) loaded from .fam.
89 phenotype values loaded from .fam.
--remove: 84 people remaining.
Using 1 thread (no multithreaded calculations invoked).
Before main variant filters, 84 founders and 0 nonfounders present.
Calculating allele frequencies... done.
Total genotyping rate in remaining samples is 0.994514.
83534 variants and 84 people pass filters and QC.
Among remaining phenotypes, 43 are cases and 41 are controls.
--make-bed to results//2_uncontaminated/sample.qc2.bed +
results//2_uncontaminated/sample.qc2.bim +
results//2_uncontaminated/sample.qc2.fam ... done.

End time: Wed Sep 30 13:44:16 2020
