PLINK v1.90b3.45 64-bit (13 Jan 2017)
Options in effect:
  --bed results//2_uncontaminated/sample.qc2.bed
  --bim results//2_uncontaminated/sample.qc2.bim
  --check-sex
  --fam results//2_uncontaminated/sample.qc2.fam
  --out results//3_sexcheck/sample.qc3

Hostname: login4
Working directory: /u/project/pasaniuc/pasaniucdata/ruthjohn/basic_genoeypte_qc_pipeline
Start time: Wed Sep 30 13:44:22 2020

Random number seed: 1601498662
48399 MB RAM detected; reserving 24199 MB for main workspace.
Allocated 3229 MB successfully, after larger attempt(s) failed.
83534 variants loaded from .bim file.
84 people (84 males, 0 females) loaded from .fam.
84 phenotype values loaded from .fam.
Using 1 thread (no multithreaded calculations invoked).
Before main variant filters, 84 founders and 0 nonfounders present.
Calculating allele frequencies... done.
Total genotyping rate is 0.994514.
83534 variants and 84 people pass filters and QC.
Among remaining phenotypes, 43 are cases and 41 are controls.
Error: --check-sex/--impute-sex requires at least one polymorphic X chromosome
locus.

End time: Wed Sep 30 13:44:23 2020
