PLINK v1.90b3.45 64-bit (13 Jan 2017)
Options in effect:
  --file hapmap1
  --keep top_50.txt
  --out batch1
  --recode

Hostname: login4
Working directory: /u/project/pasaniuc/pasaniucdata/ruthjohn/basic_genoeypte_qc_pipeline/sample_data
Start time: Wed Sep 30 13:43:37 2020

Random number seed: 1601498617
48399 MB RAM detected; reserving 24199 MB for main workspace.
Allocated 3229 MB successfully, after larger attempt(s) failed.
Scanning .ped file... done.
Performing single-pass .bed write (83534 variants, 89 people).
--file: batch1-temporary.bed + batch1-temporary.bim + batch1-temporary.fam
written.
83534 variants loaded from .bim file.
89 people (89 males, 0 females) loaded from .fam.
89 phenotype values loaded from .fam.
--keep: 50 people remaining.
Using 1 thread (no multithreaded calculations invoked).
Before main variant filters, 50 founders and 0 nonfounders present.
Calculating allele frequencies... done.
Total genotyping rate in remaining samples is 0.994186.
83534 variants and 50 people pass filters and QC.
Among remaining phenotypes, 14 are cases and 36 are controls.
--recode ped to batch1.ped + batch1.map ... done.

End time: Wed Sep 30 13:43:38 2020
