PLINK v1.90b3.45 64-bit (13 Jan 2017)
Options in effect:
  --bfile results//4_qc/sample.qc4c
  --make-bed
  --mind 0.05
  --out results//4_qc/sample.qc4d

Hostname: login4
Working directory: /u/project/pasaniuc/pasaniucdata/ruthjohn/basic_genoeypte_qc_pipeline
Start time: Wed Sep 30 13:44:34 2020

Random number seed: 1601498674
48399 MB RAM detected; reserving 24199 MB for main workspace.
Allocated 3229 MB successfully, after larger attempt(s) failed.
81528 variants loaded from .bim file.
84 people (84 males, 0 females) loaded from .fam.
84 phenotype values loaded from .fam.
0 people removed due to missing genotype data (--mind).
Using 1 thread (no multithreaded calculations invoked).
Before main variant filters, 84 founders and 0 nonfounders present.
Calculating allele frequencies... done.
Total genotyping rate is 0.996704.
81528 variants and 84 people pass filters and QC.
Among remaining phenotypes, 43 are cases and 41 are controls.
--make-bed to results//4_qc/sample.qc4d.bed + results//4_qc/sample.qc4d.bim +
results//4_qc/sample.qc4d.fam ... done.

End time: Wed Sep 30 13:44:34 2020
