PLINK v1.90b3.45 64-bit (13 Jan 2017)
Options in effect:
  --bfile results//4_qc/sample.qc4d
  --exclude results//4_qc/sample.qc4f.flip_count_remove
  --make-bed
  --out results//4_qc/sample.qc4f

Hostname: login4
Working directory: /u/project/pasaniuc/pasaniucdata/ruthjohn/basic_genoeypte_qc_pipeline
Start time: Wed Sep 30 13:44:40 2020

Random number seed: 1601498680
48399 MB RAM detected; reserving 24199 MB for main workspace.
Allocated 3229 MB successfully, after larger attempt(s) failed.
81528 variants loaded from .bim file.
84 people (84 males, 0 females) loaded from .fam.
84 phenotype values loaded from .fam.
--exclude: 81528 variants remaining.
Using 1 thread (no multithreaded calculations invoked).
Before main variant filters, 84 founders and 0 nonfounders present.
Calculating allele frequencies... done.
Total genotyping rate is 0.996704.
81528 variants and 84 people pass filters and QC.
Among remaining phenotypes, 43 are cases and 41 are controls.
--make-bed to results//4_qc/sample.qc4f.bed + results//4_qc/sample.qc4f.bim +
results//4_qc/sample.qc4f.fam ... done.

End time: Wed Sep 30 13:44:40 2020
