PLINK v1.90b3.45 64-bit (13 Jan 2017)
Options in effect:
  --allow-no-sex
  --bfile results//6_pca/sample.qc6
  --exclude range helper/exclusion_regions_hg19.txt
  --indep 200 5 1.3
  --out results//6_pca/sample.firstld

Hostname: login4
Working directory: /u/project/pasaniuc/pasaniucdata/ruthjohn/basic_genoeypte_qc_pipeline
Start time: Wed Sep 30 13:48:35 2020

Random number seed: 1601498915
48399 MB RAM detected; reserving 24199 MB for main workspace.
Allocated 3229 MB successfully, after larger attempt(s) failed.
81528 variants loaded from .bim file.
84 people (84 males, 0 females) loaded from .fam.
84 phenotype values loaded from .fam.
Warning: No variants excluded by '--exclude range'.
--exclude range: 81528 variants remaining.
Using 1 thread (no multithreaded calculations invoked).
Before main variant filters, 84 founders and 0 nonfounders present.
Calculating allele frequencies... done.
Total genotyping rate is 0.996704.
81528 variants and 84 people pass filters and QC.
Among remaining phenotypes, 43 are cases and 41 are controls.
Pruned 6022 variants from chromosome 1, leaving 604.
Pruned 6859 variants from chromosome 2, leaving 669.
Pruned 4608 variants from chromosome 3, leaving 546.
Pruned 4344 variants from chromosome 4, leaving 409.
Pruned 4379 variants from chromosome 5, leaving 525.
Pruned 5067 variants from chromosome 6, leaving 530.
Pruned 2606 variants from chromosome 7, leaving 816.
Pruned 5468 variants from chromosome 8, leaving 583.
Pruned 4363 variants from chromosome 9, leaving 411.
Pruned 3759 variants from chromosome 10, leaving 365.
Pruned 3368 variants from chromosome 11, leaving 416.
Pruned 2814 variants from chromosome 12, leaving 382.
Pruned 2705 variants from chromosome 13, leaving 344.
Pruned 2226 variants from chromosome 14, leaving 272.
Pruned 1987 variants from chromosome 15, leaving 256.
Pruned 1827 variants from chromosome 16, leaving 301.
Pruned 1841 variants from chromosome 17, leaving 265.
Pruned 2972 variants from chromosome 18, leaving 336.
Pruned 1252 variants from chromosome 19, leaving 207.
Pruned 1508 variants from chromosome 20, leaving 153.
Pruned 1478 variants from chromosome 21, leaving 159.
Pruned 1338 variants from chromosome 22, leaving 188.
Pruning complete.  72791 of 81528 variants removed.
Marker lists written to results//6_pca/sample.firstld.prune.in and
results//6_pca/sample.firstld.prune.out .

End time: Wed Sep 30 13:48:44 2020
