PLINK v1.90b3.45 64-bit (13 Jan 2017)
Options in effect:
  --bfile results//5_ibd/sample.qc5
  --make-bed
  --out results//6_pca/sample.qc6
  --remove results//6_pca/sample.qc6.unrelated_toberemoved.txt

Hostname: login4
Working directory: /u/project/pasaniuc/pasaniucdata/ruthjohn/basic_genoeypte_qc_pipeline
Start time: Wed Sep 30 13:48:35 2020

Random number seed: 1601498915
48399 MB RAM detected; reserving 24199 MB for main workspace.
Allocated 3229 MB successfully, after larger attempt(s) failed.
81528 variants loaded from .bim file.
84 people (84 males, 0 females) loaded from .fam.
84 phenotype values loaded from .fam.
--remove: 84 people remaining.
Using 1 thread (no multithreaded calculations invoked).
Before main variant filters, 84 founders and 0 nonfounders present.
Calculating allele frequencies... done.
Total genotyping rate is 0.996704.
81528 variants and 84 people pass filters and QC.
Among remaining phenotypes, 43 are cases and 41 are controls.
--make-bed to results//6_pca/sample.qc6.bed + results//6_pca/sample.qc6.bim +
results//6_pca/sample.qc6.fam ... done.

End time: Wed Sep 30 13:48:35 2020
