PLINK v1.90b3.45 64-bit (13 Jan 2017)
Options in effect:
  --bfile results//6_pca/sample.firstld.pruned
  --extract results//6_pca/sample.secondld.prune.in
  --make-bed
  --out results//6_pca/sample.secondld.pruned

Hostname: login4
Working directory: /u/project/pasaniuc/pasaniucdata/ruthjohn/basic_genoeypte_qc_pipeline
Start time: Wed Sep 30 13:48:44 2020

Random number seed: 1601498924
48399 MB RAM detected; reserving 24199 MB for main workspace.
Allocated 3229 MB successfully, after larger attempt(s) failed.
8737 variants loaded from .bim file.
84 people (84 males, 0 females) loaded from .fam.
84 phenotype values loaded from .fam.
--extract: 5894 variants remaining.
Using 1 thread (no multithreaded calculations invoked).
Before main variant filters, 84 founders and 0 nonfounders present.
Calculating allele frequencies... done.
Total genotyping rate is 0.995064.
5894 variants and 84 people pass filters and QC.
Among remaining phenotypes, 43 are cases and 41 are controls.
--make-bed to results//6_pca/sample.secondld.pruned.bed +
results//6_pca/sample.secondld.pruned.bim +
results//6_pca/sample.secondld.pruned.fam ... done.

End time: Wed Sep 30 13:48:44 2020
